Information: Updating design information... (UID-85)
 
****************************************
Report : timing
        -path full
        -delay min
        -max_paths 1
Design : MyDesign
Version: T-2022.03-SP4
Date   : Tue Apr 15 19:23:43 2025
****************************************

Operating Conditions: fast   Library: NangateOpenCellLibrary_PDKv1_2_v2008_10_fast_nldm
Wire Load Model Mode: top

  Startpoint: dut__tb__sram_result_write_address_r_reg[7]
              (rising edge-triggered flip-flop clocked by clk)
  Endpoint: dut__tb__sram_result_write_address_r_reg[7]
            (rising edge-triggered flip-flop clocked by clk)
  Path Group: clk
  Path Type: min

  Point                                                   Incr       Path
  --------------------------------------------------------------------------
  clock clk (rise edge)                                 0.0000     0.0000
  clock network delay (ideal)                           0.0000     0.0000
  dut__tb__sram_result_write_address_r_reg[7]/CK (DFF_X2)
                                                        0.0000     0.0000 r
  dut__tb__sram_result_write_address_r_reg[7]/QN (DFF_X2)
                                                        0.0507     0.0507 f
  U5669/Z (MUX2_X1)                                     0.0426     0.0933 f
  dut__tb__sram_result_write_address_r_reg[7]/D (DFF_X2)
                                                        0.0000     0.0933 f
  data arrival time                                                0.0933

  clock clk (rise edge)                                 0.0000     0.0000
  clock network delay (ideal)                           0.0000     0.0000
  clock uncertainty                                     0.0500     0.0500
  dut__tb__sram_result_write_address_r_reg[7]/CK (DFF_X2)
                                                        0.0000     0.0500 r
  library hold time                                    -0.0005     0.0495
  data required time                                               0.0495
  --------------------------------------------------------------------------
  data required time                                               0.0495
  data arrival time                                               -0.0933
  --------------------------------------------------------------------------
  slack (MET)                                                      0.0438


1
